
> frontend@1.0.0 start
> concurrently "npm start --prefix mfe-shell" "npm start --prefix mfe-suggestions" "npm start --prefix mfe-ethic" "npm start --prefix mfe-ui-kit"

[2] 
[2] > mfe-ethic@1.0.0 start
[2] > webpack serve --config webpack.dev.js
[2] 
[0] 
[0] > mfe-shell@1.0.0 start
[0] > webpack serve --config webpack.dev.js
[0] 
[3] 
[3] > mfe-ui-kit@1.0.0 start
[3] > webpack serve --config webpack.dev.js
[3] 
[1] 
[1] > mfe-suggestions@1.0.0 start
[1] > webpack serve --config webpack.dev.js
[1] 
[0] <i> [webpack-dev-server] [HPM] Proxy created: /api  -> http://localhost:8080
[3] <i> [webpack-dev-server] Project is running at:
[3] <i> [webpack-dev-server] Loopback: http://localhost:3003/, http://[::1]:3003/
[3] <i> [webpack-dev-server] On Your Network (IPv4): http://192.168.1.83:3003/
[3] <i> [webpack-dev-server] Content not from webpack is served from '/Users/halilkocoglu/Documents/dev kopyası/frontend/mfe-ui-kit/public' directory
[2] <i> [webpack-dev-server] Project is running at:
[2] <i> [webpack-dev-server] Loopback: http://localhost:3002/, http://[::1]:3002/
[2] <i> [webpack-dev-server] On Your Network (IPv4): http://192.168.1.83:3002/
[2] <i> [webpack-dev-server] Content not from webpack is served from '/Users/halilkocoglu/Documents/dev kopyası/frontend/mfe-ethic/public' directory
[1] <i> [webpack-dev-server] Project is running at:
[1] <i> [webpack-dev-server] Loopback: http://localhost:3001/, http://[::1]:3001/
[1] <i> [webpack-dev-server] On Your Network (IPv4): http://192.168.1.83:3001/
[1] <i> [webpack-dev-server] Content not from webpack is served from '/Users/halilkocoglu/Documents/dev kopyası/frontend/mfe-suggestions/public' directory
[0] <i> [webpack-dev-server] Project is running at:
[0] <i> [webpack-dev-server] Loopback: http://localhost:3000/, http://[::1]:3000/
[0] <i> [webpack-dev-server] On Your Network (IPv4): http://192.168.1.83:3000/
[0] <i> [webpack-dev-server] Content not from webpack is served from '/Users/halilkocoglu/Documents/dev kopyası/frontend/mfe-shell/public' directory
[0] <i> [webpack-dev-server] 404s will fallback to '/index.html'
[3] assets by chunk 220 KiB (id hint: vendors)
[3]   asset vendors-node_modules_tailwind-merge_dist_bundle-mjs_mjs.js 92.3 KiB [emitted] (id hint: vendors)
[3]   asset vendors-node_modules_react_index_js.js 86.4 KiB [emitted] (id hint: vendors)
[3]   asset vendors-node_modules_react_jsx-runtime_js.js 41.7 KiB [emitted] (id hint: vendors)
[3] asset main.js 223 KiB [emitted] (name: main)
[3] asset remoteEntry.js 180 KiB [emitted] (name: mfe_ui_kit)
[3] asset src_components_Button_tsx.js 2.05 KiB [emitted]
[3] asset node_modules_clsx_dist_clsx_mjs.js 1.09 KiB [emitted]
[3] runtime modules 81.8 KiB 32 modules
[3] built modules 327 KiB (javascript) 126 bytes (share-init) 126 bytes (consume-shared) [built]
[3]   cacheable modules 327 KiB
[3]     modules by path ./node_modules/ 327 KiB 20 modules
[3]     modules by path ./src/ 515 bytes 2 modules
[3]   provide-module modules 126 bytes
[3]     provide shared module (default) clsx@2.1.1 = ./node_modules/clsx/dist/clsx.mjs 42 bytes [built] [code generated]
[3]     provide shared module (default) react@18.2.0 = ./node_modules/react/index.js 42 bytes [built] [code generated]
[3]     provide shared module (default) tailwind-merge@3.3.1 = ./node_modules/tailwind-m...(truncated) 42 bytes [built] [code generated]
[3]   consume-shared-module modules 126 bytes
[3]     consume shared module (default) react@~18.2.0 (singleton) (fallback: ./node_modu...(truncated) 42 bytes [built] [code generated]
[3]     consume shared module (default) clsx@^2.1.1 (singleton) (fallback: ./node_module...(truncated) 42 bytes [built] [code generated]
[3]     consume shared module (default) tailwind-merge@^3.3.1 (singleton) (fallback: ./n...(truncated) 42 bytes [built] [code generated]
[3]   container entry 42 bytes [built] [code generated]
[3] webpack 5.100.1 compiled successfully in 285 ms
[2] assets by chunk 1.17 MiB (id hint: vendors)
[2]   asset vendors-node_modules_react-dom_index_js.js 1020 KiB [emitted] (id hint: vendors)
[2]   asset vendors-node_modules_react_index_js.js 86.4 KiB [emitted] (id hint: vendors)
[2]   asset vendors-node_modules_react-redux_dist_react-redux_mjs.js 43.3 KiB [emitted] (id hint: vendors)
[2]   asset vendors-node_modules_react_jsx-runtime_js.js 41.7 KiB [emitted] (id hint: vendors)
[2] asset remoteEntry.js 184 KiB [emitted] (name: mfe_ethic)
[2] asset main.js 183 KiB [emitted] (name: main)
[2] asset src_bootstrap_tsx.js 5.95 KiB [emitted]
[2] asset src_App_tsx.js 4.03 KiB [emitted]
[2] asset index.html 236 bytes [emitted]
[2] runtime modules 85.7 KiB 34 modules
[2] built modules 1.27 MiB (javascript) 132 bytes (share-init) 126 bytes (consume-shared) 6 bytes (remote) [built]
[2]   cacheable modules 1.27 MiB
[2]     modules by path ./node_modules/ 1.27 MiB 26 modules
[2]     modules by path ./src/*.tsx 2.28 KiB 3 modules
[2]   provide-module modules 126 bytes
[2]     provide shared module (default) react-dom@18.2.0 = ./node_modules/reac...(truncated) 42 bytes [built] [code generated]
[2]     + 2 modules
[2]   consume-shared-module modules 126 bytes
[2]     consume shared module (default) react@~18.2.0 (singleton) (fallback: ./node_modu...(truncated) 42 bytes [built] [code generated]
[2]     consume shared module (default) react-redux@^9.2.0 (singleton) (fallback: ./node...(truncated) 42 bytes [built] [code generated]
[2]     consume shared module (default) react-dom@~18.2.0 (singleton) (fallback: ./node_...(truncated) 42 bytes [built] [code generated]
[2]   container entry 42 bytes [built] [code generated]
[2]   remote mfe_shell/logic 6 bytes (remote) 6 bytes (share-init) [built] [code generated]
[2]   external "mfe_shell@http://localhost:3000/remoteEntry.js" 42 bytes [built] [code generated]
[2] webpack 5.100.1 compiled successfully in 399 ms
[1] assets by chunk 1.17 MiB (id hint: vendors)
[1]   asset vendors-node_modules_react-dom_index_js.js 1020 KiB [emitted] (id hint: vendors)
[1]   asset vendors-node_modules_react_index_js.js 86.4 KiB [emitted] (id hint: vendors)
[1]   asset vendors-node_modules_react-redux_dist_react-redux_mjs.js 43.3 KiB [emitted] (id hint: vendors)
[1]   asset vendors-node_modules_react_jsx-runtime_js.js 41.8 KiB [emitted] (id hint: vendors)
[1] asset remoteEntry.js 185 KiB [emitted] (name: mfe_suggestions)
[1] asset main.js 184 KiB [emitted] (name: main)
[1] asset src_bootstrap_tsx.js 4.98 KiB [emitted]
[1] asset src_App_tsx.js 3.05 KiB [emitted]
[1] asset index.html 242 bytes [emitted]
[1] runtime modules 86.2 KiB 34 modules
[1] built modules 1.27 MiB (javascript) 138 bytes (share-init) 126 bytes (consume-shared) 12 bytes (remote) [built]
[1]   cacheable modules 1.27 MiB 29 modules
[1]   provide-module modules 126 bytes
[1]     provide shared module (default) react-dom@18.2.0 = ./node_modules/reac...(truncated) 42 bytes [built] [code generated]
[1]     + 2 modules
[1]   consume-shared-module modules 126 bytes
[1]     consume shared module (default) react@~18.2.0 (singleton) (fallback: ./node_modu...(truncated) 42 bytes [built] [code generated]
[1]     + 2 modules
[1]   remote-module modules 12 bytes (remote) 12 bytes (share-init)
[1]     remote mfe_shell/logic 6 bytes (remote) 6 bytes (share-init) [built] [code generated]
[1]     remote mfe_ui_kit/Button 6 bytes (remote) 6 bytes (share-init) [built] [code generated]
[1]   container entry 42 bytes [built] [code generated]
[1]   external "mfe_shell@http://localhost:3000/remoteEntry.js" 42 bytes [built] [code generated]
[1]   external "mfe_ui_kit@http://localhost:3003/remoteEntry.js" 42 bytes [built] [code generated]
[1] webpack 5.100.1 compiled successfully in 429 ms
[0] assets by chunk 1.75 MiB (id hint: vendors)
[0]   asset vendors-node_modules_react-dom_index_js.js 1020 KiB [emitted] (id hint: vendors)
[0]   asset vendors-node_modules_react-router-dom_dist_index_mjs.js 437 KiB [emitted] (id hint: vendors)
[0]   asset vendors-node_modules_reduxjs_toolkit_dist_redux-toolkit_modern_mjs.js 156 KiB [emitted] (id hint: vendors)
[0]   asset vendors-node_modules_react_index_js.js 86.4 KiB [emitted] (id hint: vendors)
[0]   asset vendors-node_modules_react-redux_dist_react-redux_mjs.js 43.3 KiB [emitted] (id hint: vendors)
[0]   asset vendors-node_modules_react-dom_client_js-node_modules_react_jsx-runtime_js.js 42.6 KiB [emitted] (id hint: vendors)
[0] asset main.js 209 KiB [emitted] (name: main)
[0] asset mfe_shell.js 183 KiB [emitted] (name: mfe_shell)
[0] asset src_bootstrap_tsx.js 40.5 KiB [emitted]
[0] asset src_exposed-logic_ts.js 5.13 KiB [emitted]
[0] asset index.html 293 bytes [emitted]
[0] runtime modules 89.7 KiB 36 modules
[0] javascript modules 1.83 MiB 63 modules
[0] provide-module modules 210 bytes
[0]   provide shared module (default) @reduxjs/toolkit@2.8.2 = ./node_modules/@reduxjs...(truncated) 42 bytes [built] [code generated]
[0]   provide shared module (default) react-dom@18.2.0 = ./node_modules/reac...(truncated) 42 bytes [built] [code generated]
[0]   + 3 modules
[0] consume-shared-module modules 210 bytes
[0]   consume shared module (default) react@~18.2.0 (singleton) (fallback: ./node_modu...(truncated) 42 bytes [built] [code generated]
[0]   consume shared module (default) react-dom@~18.2.0 (singleton) (fallback: ./node_...(truncated) 42 bytes [built] [code generated]
[0]   + 3 modules
[0] remote-module modules 12 bytes (remote) 12 bytes (share-init)
[0]   remote mfe_suggestions/SuggestionsApp 6 bytes (remote) 6 bytes (share-init) [built] [code generated]
[0]   remote mfe_ethic/EthicApp 6 bytes (remote) 6 bytes (share-init) [built] [code generated]
[0] webpack 5.100.1 compiled successfully in 827 ms
[3] npm start --prefix mfe-ui-kit exited with code SIGKILL
[2] npm start --prefix mfe-ethic exited with code SIGKILL
[1] npm start --prefix mfe-suggestions exited with code SIGKILL
[0] npm start --prefix mfe-shell exited with code SIGKILL
